<?xml version="1.0" encoding="UTF-8"?>
<!-- Generated by org.testng.reporters.JUnitReportReporter -->
<testsuite hostname="Leonardos-MacBook-Pro.local" failures="0" tests="2" name="com.lambdasys.iot.mqtt.client.entities.login.LoginRequestMessageTest" time="0.186" errors="0" timestamp="13 Jun 2018 03:36:13 GMT" skipped="0">
  <testcase classname="com.lambdasys.iot.mqtt.client.entities.login.LoginRequestMessageTest" name="testSerialize" time="0.019"/>
  <testcase classname="com.lambdasys.iot.mqtt.client.entities.login.LoginRequestMessageTest" name="testDeserialize" time="0.167"/>
</testsuite> <!-- com.lambdasys.iot.mqtt.client.entities.login.LoginRequestMessageTest -->
